;LAP Aft Skirt Orifice Flow Velocities (ft/s)
#I=-65,-1,1; C:\0_afc_work\Two_Stage_Launch_Vehicle_Multi_Cavity_Prelaunch_Purge_Analysis_using_VISSIM\VISSIM\vent_g4c1_mod_f.vsm C:\0_afc_work\Two_Stage_Launch_Vehicle_Multi_Cavity_Prelaunch_Purge_Analysis_using_VISSIM\VISSIM\vent_g4c1_mod_f.vsm @ Sun Oct 28 15:06:03 2018
-65	0	0	0	0	0	0	0	0	0	0	0	0	0	0	0	0
-64	0	0	0	0	0	0	0	0	0	0	-55.658	0	1267.6	-37.534	-22.601	-22.714
-63	0	0	0	0	0	0	0	0	0	0	-55.612	0	1224.9	-37.6	-22.764	-22.823
-62	0	0	0	0	0	0	0	0	0	0	-55.6	0	1204.5	-37.621	-22.809	-22.837
-61	0	0	0	0	0	0	0	0	0	0	-55.595	0	1194.1	-37.628	-22.818	-22.834
-60	0	0	0	0	0	0	0	0	0	0	-55.592	0	1188.7	-37.631	-22.816	-22.83
-59	0	0	0	0	0	0	0	0	0	0	-55.589	0	1185.8	-37.631	-22.81	-22.826
-58	0	0	0	0	0	0	0	0	0	0	-55.586	0	1184.3	-37.63	-22.803	-22.823
-57	0	0	0	0	0	0	0	0	0	0	-55.582	0	1183.5	-37.629	-22.797	-22.82
-56	0	0	0	0	0	0	0	0	0	0	-55.579	0	1183	-37.626	-22.792	-22.818
-55	0	0	0	0	0	0	0	0	0	0	-55.575	0	1182.8	-37.624	-22.787	-22.816
-54	0	0	0	0	0	0	0	0	0	0	-55.571	0	1182.6	-37.622	-22.784	-22.814
-53	0	0	0	0	0	0	0	0	0	0	-55.567	0	1182.6	-37.619	-22.78	-22.812
-52	0	0	0	0	0	0	0	0	0	0	-55.564	0	1182.5	-37.616	-22.777	-22.81
-51	0	0	0	0	0	0	0	0	0	0	-55.56	0	1182.5	-37.614	-22.775	-22.808
-50	0	0	0	0	0	0	0	0	0	0	-55.556	0	1182.5	-37.611	-22.773	-22.806
-49	0	0	0	0	0	0	0	0	0	0	-55.553	0	1182.5	-37.608	-22.771	-22.805
-48	0	0	0	0	0	0	0	0	0	0	-55.55	0	1182.5	-37.606	-22.769	-22.803
-47	0	0	0	0	0	0	0	0	0	0	-55.546	0	1182.5	-37.603	-22.767	-22.801
-46	0	0	0	0	0	0	0	0	0	0	-55.543	0	1182.5	-37.601	-22.765	-22.8
-45	0	0	0	0	0	0	0	0	0	0	-55.54	0	1182.5	-37.599	-22.764	-22.798
-44	0	0	0	0	0	0	0	0	0	0	-55.537	0	1182.5	-37.596	-22.762	-22.797
-43	0	0	0	0	0	0	0	0	0	0	-55.534	0	1182.5	-37.594	-22.761	-22.795
-42	0	0	0	0	0	0	0	0	0	0	-55.531	0	1182.5	-37.592	-22.759	-22.794
-41	0	0	0	0	0	0	0	0	0	0	-55.528	0	1182.5	-37.59	-22.758	-22.793
-40	0	0	0	0	0	0	0	0	0	0	-55.525	0	1182.5	-37.588	-22.757	-22.791
-39	0	0	0	0	0	0	0	0	0	0	-55.523	0	1182.5	-37.586	-22.755	-22.79
-38	0	0	0	0	0	0	0	0	0	0	-55.52	0	1182.5	-37.584	-22.754	-22.789
-37	0	0	0	0	0	0	0	0	0	0	-55.518	0	1182.5	-37.582	-22.753	-22.788
-36	0	0	0	0	0	0	0	0	0	0	-55.515	0	1182.5	-37.58	-22.752	-22.786
-35	0	0	0	0	0	0	0	0	0	0	-55.513	0	1182.5	-37.578	-22.751	-22.785
-34	0	0	0	0	0	0	0	0	0	0	-55.511	0	1182.5	-37.576	-22.749	-22.784
-33	0	0	0	0	0	0	0	0	0	0	-55.508	0	1182.5	-37.575	-22.748	-22.783
-32	0	0	0	0	0	0	0	0	0	0	-55.506	0	1182.5	-37.573	-22.747	-22.782
-31	0	0	0	0	0	0	0	0	0	0	-55.504	0	1182.5	-37.572	-22.746	-22.781
-30	0	0	0	0	0	0	0	0	0	0	-55.502	0	1182.5	-37.57	-22.745	-22.78
-29	0	0	0	0	0	0	0	0	0	0	-55.5	0	1182.5	-37.569	-22.744	-22.779
-28	0	0	0	0	0	0	0	0	0	0	-55.498	0	1182.5	-37.567	-22.743	-22.778
-27	0	0	0	0	0	0	0	0	0	0	-55.496	0	1182.5	-37.566	-22.743	-22.777
-26	0	0	0	0	0	0	0	0	0	0	-55.495	0	1182.5	-37.564	-22.742	-22.776
-25	0	0	0	0	0	0	0	0	0	0	-55.493	0	1182.5	-37.563	-22.741	-22.776
-24	0	0	0	0	0	0	0	0	0	0	-55.491	0	1182.5	-37.562	-22.74	-22.775
-23	0	0	0	0	0	0	0	0	0	0	-55.489	0	1182.5	-37.56	-22.739	-22.774
-22	0	0	0	0	0	0	0	0	0	0	-55.488	0	1182.5	-37.559	-22.738	-22.773
-21	0	0	0	0	0	0	0	0	0	0	-55.486	0	1182.5	-37.558	-22.738	-22.772
-20	0	0	0	0	0	0	0	0	0	0	-55.485	0	1182.5	-37.557	-22.737	-22.772
-19	0	0	0	0	0	0	0	0	0	0	-55.483	0	1182.5	-37.556	-22.736	-22.771
-18	0	0	0	0	0	0	0	0	0	0	-55.482	0	1182.5	-37.555	-22.735	-22.77
-17	0	0	0	0	0	0	0	0	0	0	-55.48	0	1182.5	-37.554	-22.735	-22.77
-16	0	0	0	0	0	0	0	0	0	0	-55.479	0	1182.5	-37.553	-22.734	-22.769
-15	0	0	0	0	0	0	0	0	0	0	-55.478	0	1182.5	-37.552	-22.734	-22.768
-14	0	0	0	0	0	0	0	0	0	0	-55.477	0	1182.5	-37.551	-22.733	-22.768
-13	0	0	0	0	0	0	0	0	0	0	-55.475	0	1182.5	-37.55	-22.732	-22.767
-12	0	0	0	0	0	0	0	0	0	0	-55.474	0	1182.5	-37.549	-22.732	-22.767
-11	0	0	0	0	0	0	0	0	0	0	-55.473	0	1182.5	-37.548	-22.731	-22.766
-10	0	0	0	0	0	0	0	0	0	0	-55.472	0	1182.5	-37.547	-22.731	-22.765
-9	0	0	0	0	0	0	0	0	0	0	-55.471	0	1182.5	-37.546	-22.73	-22.765
-8	0	0	0	0	0	0	0	0	0	0	-55.47	0	1182.5	-37.545	-22.73	-22.764
-7	0	0	0	0	0	0	0	0	0	0	-55.469	0	1182.5	-37.545	-22.729	-22.764
-6	0	0	0	0	0	0	0	0	0	0	-55.468	0	1182.5	-37.544	-22.729	-22.763
-5	0	0	0	0	0	0	0	0	0	0	-55.467	0	1182.5	-37.543	-22.728	-22.763
-4	0	0	0	0	0	0	0	0	0	0	-55.466	0	1182.5	-37.542	-22.728	-22.762
-3	0	0	0	0	0	0	0	0	0	0	-55.465	0	1182.5	-37.542	-22.727	-22.762
-2	0	0	0	0	0	0	0	0	0	0	-55.464	0	1182.5	-37.541	-22.727	-22.762
-1.001	0	0	0	0	0	0	0	0	0	0	-55.463	0	1182.5	-37.54	-22.726	-22.761
