;LAP Innertank Orifice Flow Velocities (ft/s)
#I=-65,-1,1; C:\0_afc_work\Two_Stage_Launch_Vehicle_Multi_Cavity_Prelaunch_Purge_Analysis_using_VISSIM\VISSIM\vent_g4c1_mod_f.vsm C:\0_afc_work\Two_Stage_Launch_Vehicle_Multi_Cavity_Prelaunch_Purge_Analysis_using_VISSIM\VISSIM\vent_g4c1_mod_f.vsm @ Sun Oct 28 15:06:03 2018
-65	0	0	0	0	0	0	0	0	0	0	0	0	0
-64	-41.098	0	0	0	0	0	0	0	1227.2	0	37.534	30.092	29.963
-63	-40.976	0	0	0	0	0	0	0	1194.7	0	37.6	30.06	29.942
-62	-40.94	0	0	0	0	0	0	0	1186	0	37.621	30.032	29.934
-61	-40.927	0	0	0	0	0	0	0	1183.5	0	37.628	30.007	29.927
-60	-40.921	0	0	0	0	0	0	0	1182.8	0	37.631	29.988	29.922
-59	-40.916	0	0	0	0	0	0	0	1182.6	0	37.631	29.974	29.918
-58	-40.913	0	0	0	0	0	0	0	1182.5	0	37.63	29.962	29.915
-57	-40.909	0	0	0	0	0	0	0	1182.5	0	37.629	29.954	29.912
-56	-40.906	0	0	0	0	0	0	0	1182.5	0	37.626	29.947	29.91
-55	-40.903	0	0	0	0	0	0	0	1182.5	0	37.624	29.942	29.908
-54	-40.9	0	0	0	0	0	0	0	1182.5	0	37.622	29.938	29.906
-53	-40.898	0	0	0	0	0	0	0	1182.5	0	37.619	29.934	29.904
-52	-40.895	0	0	0	0	0	0	0	1182.5	0	37.616	29.931	29.902
-51	-40.893	0	0	0	0	0	0	0	1182.5	0	37.614	29.929	29.9
-50	-40.89	0	0	0	0	0	0	0	1182.5	0	37.611	29.926	29.898
-49	-40.888	0	0	0	0	0	0	0	1182.5	0	37.608	29.924	29.897
-48	-40.885	0	0	0	0	0	0	0	1182.5	0	37.606	29.922	29.895
-47	-40.883	0	0	0	0	0	0	0	1182.5	0	37.603	29.92	29.894
-46	-40.881	0	0	0	0	0	0	0	1182.5	0	37.601	29.919	29.892
-45	-40.879	0	0	0	0	0	0	0	1182.5	0	37.599	29.917	29.89
-44	-40.877	0	0	0	0	0	0	0	1182.5	0	37.596	29.916	29.889
-43	-40.875	0	0	0	0	0	0	0	1182.5	0	37.594	29.914	29.888
-42	-40.873	0	0	0	0	0	0	0	1182.5	0	37.592	29.913	29.886
-41	-40.871	0	0	0	0	0	0	0	1182.5	0	37.59	29.911	29.885
-40	-40.869	0	0	0	0	0	0	0	1182.5	0	37.588	29.91	29.883
-39	-40.868	0	0	0	0	0	0	0	1182.5	0	37.586	29.909	29.882
-38	-40.866	0	0	0	0	0	0	0	1182.5	0	37.584	29.907	29.881
-37	-40.864	0	0	0	0	0	0	0	1182.5	0	37.582	29.906	29.88
-36	-40.863	0	0	0	0	0	0	0	1182.5	0	37.58	29.905	29.879
-35	-40.861	0	0	0	0	0	0	0	1182.5	0	37.578	29.904	29.877
-34	-40.86	0	0	0	0	0	0	0	1182.5	0	37.576	29.903	29.876
-33	-40.858	0	0	0	0	0	0	0	1182.5	0	37.575	29.902	29.875
-32	-40.857	0	0	0	0	0	0	0	1182.5	0	37.573	29.901	29.874
-31	-40.855	0	0	0	0	0	0	0	1182.5	0	37.572	29.9	29.873
-30	-40.854	0	0	0	0	0	0	0	1182.5	0	37.57	29.899	29.872
-29	-40.853	0	0	0	0	0	0	0	1182.5	0	37.569	29.898	29.871
-28	-40.851	0	0	0	0	0	0	0	1182.5	0	37.567	29.897	29.87
-27	-40.85	0	0	0	0	0	0	0	1182.5	0	37.566	29.896	29.869
-26	-40.849	0	0	0	0	0	0	0	1182.5	0	37.564	29.895	29.869
-25	-40.848	0	0	0	0	0	0	0	1182.5	0	37.563	29.894	29.868
-24	-40.847	0	0	0	0	0	0	0	1182.5	0	37.562	29.893	29.867
-23	-40.846	0	0	0	0	0	0	0	1182.5	0	37.56	29.893	29.866
-22	-40.844	0	0	0	0	0	0	0	1182.5	0	37.559	29.892	29.865
-21	-40.843	0	0	0	0	0	0	0	1182.5	0	37.558	29.891	29.865
-20	-40.842	0	0	0	0	0	0	0	1182.5	0	37.557	29.89	29.864
-19	-40.841	0	0	0	0	0	0	0	1182.5	0	37.556	29.89	29.863
-18	-40.84	0	0	0	0	0	0	0	1182.5	0	37.555	29.889	29.862
-17	-40.84	0	0	0	0	0	0	0	1182.5	0	37.554	29.888	29.862
-16	-40.839	0	0	0	0	0	0	0	1182.5	0	37.553	29.888	29.861
-15	-40.838	0	0	0	0	0	0	0	1182.5	0	37.552	29.887	29.86
-14	-40.837	0	0	0	0	0	0	0	1182.5	0	37.551	29.886	29.86
-13	-40.836	0	0	0	0	0	0	0	1182.5	0	37.55	29.886	29.859
-12	-40.835	0	0	0	0	0	0	0	1182.5	0	37.549	29.885	29.859
-11	-40.835	0	0	0	0	0	0	0	1182.5	0	37.548	29.885	29.858
-10	-40.834	0	0	0	0	0	0	0	1182.5	0	37.547	29.884	29.858
-9	-40.833	0	0	0	0	0	0	0	1182.5	0	37.546	29.884	29.857
-8	-40.832	0	0	0	0	0	0	0	1182.5	0	37.545	29.883	29.856
-7	-40.832	0	0	0	0	0	0	0	1182.5	0	37.545	29.882	29.856
-6	-40.831	0	0	0	0	0	0	0	1182.5	0	37.544	29.882	29.856
-5	-40.83	0	0	0	0	0	0	0	1182.5	0	37.543	29.882	29.855
-4	-40.83	0	0	0	0	0	0	0	1182.5	0	37.542	29.881	29.855
-3	-40.829	0	0	0	0	0	0	0	1182.5	0	37.542	29.881	29.854
-2	-40.829	0	0	0	0	0	0	0	1182.5	0	37.541	29.88	29.854
-1.001	-40.828	0	0	0	0	0	0	0	1182.5	0	37.54	29.88	29.853
